<?xml version="1.0" encoding="UTF-8"?>
<testsuite name="oo.cc.HelloWorldTest" tests="1" skipped="0" failures="0" errors="0" timestamp="2017-04-07T02:59:48" hostname="laiisli.local" time="0.001">
  <properties/>
  <testcase name="testSomething" classname="oo.cc.HelloWorldTest" time="0.001"/>
  <system-out><![CDATA[]]></system-out>
  <system-err><![CDATA[]]></system-err>
</testsuite>
